NExS/app/build/intermediates/manifest_merge_blame_file/release/manifest-merger-blame-release-report.txt
1<?xml version="1.0" encoding="utf-8"?>
2<manifest xmlns:android="http://schemas.android.com/apk/res/android"
3    package="in.co.nexs.nexsapp"
4    android:versionCode="1"
5    android:versionName="1.0" >
6
7    <uses-sdk
8        android:minSdkVersion="26"
8-->src/main/AndroidManifest.xml
9        android:targetSdkVersion="30" />
9-->src/main/AndroidManifest.xml
10
11    <uses-permission android:name="android.permission.ACCESS_NETWORK_STATE" />
11-->src/main/AndroidManifest.xml:5:5-79
11-->src/main/AndroidManifest.xml:5:22-76
12    <uses-permission android:name="android.permission.INTERNET" />
12-->src/main/AndroidManifest.xml:6:5-67
12-->src/main/AndroidManifest.xml:6:22-64
13    <uses-permission android:name="android.permission.READ_SMS" />
13-->src/main/AndroidManifest.xml:7:5-67
13-->src/main/AndroidManifest.xml:7:22-64
14    <uses-permission android:name="android.permission.WAKE_LOCK" /> <!-- Required by older versions of Google Play services to create IID tokens -->
14-->[com.google.firebase:firebase-messaging:21.1.0] AndroidManifest.xml:23:5-68
14-->[com.google.firebase:firebase-messaging:21.1.0] AndroidManifest.xml:23:22-65
15    <uses-permission android:name="com.google.android.c2dm.permission.RECEIVE" />
15-->[com.google.firebase:firebase-messaging:21.1.0] AndroidManifest.xml:25:5-82
15-->[com.google.firebase:firebase-messaging:21.1.0] AndroidManifest.xml:25:22-79
16    <uses-permission android:name="com.google.android.finsky.permission.BIND_GET_INSTALL_REFERRER_SERVICE" />
16-->[com.google.android.gms:play-services-measurement:18.0.2] AndroidManifest.xml:26:5-110
16-->[com.google.android.gms:play-services-measurement:18.0.2] AndroidManifest.xml:26:22-107
17
18    <application
18-->src/main/AndroidManifest.xml:9:5-65:19
19        android:name="in.co.nexs.nexsapp.App"
19-->src/main/AndroidManifest.xml:10:9-28
20        android:allowBackup="true"
20-->src/main/AndroidManifest.xml:11:9-35
21        android:appComponentFactory="androidx.core.app.CoreComponentFactory"
21-->[androidx.core:core:1.3.1] AndroidManifest.xml:24:18-86
22        android:extractNativeLibs="false"
23        android:icon="@mipmap/ic_launcher"
23-->src/main/AndroidManifest.xml:12:9-43
24        android:label="@string/app_name"
24-->src/main/AndroidManifest.xml:13:9-41
25        android:roundIcon="@mipmap/ic_launcher_round"
25-->src/main/AndroidManifest.xml:14:9-54
26        android:supportsRtl="true"
26-->src/main/AndroidManifest.xml:15:9-35
27        android:theme="@style/Theme.AppCompat.Light.NoActionBar"
27-->src/main/AndroidManifest.xml:16:9-65
28        android:usesCleartextTraffic="true" >
28-->src/main/AndroidManifest.xml:17:9-44
29        <activity android:name="in.co.nexs.nexsapp.AboutUsActivity" />
29-->src/main/AndroidManifest.xml:18:9-62
29-->src/main/AndroidManifest.xml:18:19-50
30        <activity android:name="in.co.nexs.nexsapp.NameActivity" />
30-->src/main/AndroidManifest.xml:19:9-50
30-->src/main/AndroidManifest.xml:19:19-47
31        <activity android:name="in.co.nexs.nexsapp.PhoneAuth" />
31-->src/main/AndroidManifest.xml:20:9-47
31-->src/main/AndroidManifest.xml:20:19-44
32        <activity android:name="in.co.nexs.nexsapp.FeedActivity" >
32-->src/main/AndroidManifest.xml:21:9-29:20
32-->src/main/AndroidManifest.xml:21:19-47
33            <intent-filter>
33-->src/main/AndroidManifest.xml:22:13-24:29
34                <action android:name="android.intent.action.SEARCH" />
34-->src/main/AndroidManifest.xml:23:17-71
34-->src/main/AndroidManifest.xml:23:25-68
35            </intent-filter>
36
37            <meta-data
37-->src/main/AndroidManifest.xml:26:13-28:54
38                android:name="android.app.searchable"
38-->src/main/AndroidManifest.xml:27:17-54
39                android:resource="@xml/searchable" />
39-->src/main/AndroidManifest.xml:28:17-51
40        </activity>
41        <activity android:name="in.co.nexs.nexsapp.LoginActivity" />
41-->src/main/AndroidManifest.xml:30:9-51
41-->src/main/AndroidManifest.xml:30:19-48
42        <activity android:name="in.co.nexs.nexsapp.SplashScreen" >
42-->src/main/AndroidManifest.xml:31:9-37:20
42-->src/main/AndroidManifest.xml:31:19-47
43            <intent-filter>
43-->src/main/AndroidManifest.xml:32:13-36:29
44                <action android:name="android.intent.action.MAIN" />
44-->src/main/AndroidManifest.xml:33:17-69
44-->src/main/AndroidManifest.xml:33:25-66
45
46                <category android:name="android.intent.category.LAUNCHER" />
46-->src/main/AndroidManifest.xml:35:17-77
46-->src/main/AndroidManifest.xml:35:27-74
47            </intent-filter>
48        </activity>
49        <activity android:name="in.co.nexs.nexsapp.MainActivity" >
49-->src/main/AndroidManifest.xml:38:9-56:20
49-->src/main/AndroidManifest.xml:38:19-47
50            <intent-filter>
50-->src/main/AndroidManifest.xml:39:13-51:29
51                <action android:name="android.intent.action.VIEW" />
51-->src/main/AndroidManifest.xml:40:17-69
51-->src/main/AndroidManifest.xml:40:25-66
52
53                <category android:name="android.intent.category.DEFAULT" />
53-->src/main/AndroidManifest.xml:42:17-76
53-->src/main/AndroidManifest.xml:42:27-73
54                <category android:name="android.intent.category.BROWSABLE" />
54-->src/main/AndroidManifest.xml:43:17-78
54-->src/main/AndroidManifest.xml:43:27-75
55
56                <data
56-->src/main/AndroidManifest.xml:45:17-47:46
57                    android:host="nexs-news.com"
57-->src/main/AndroidManifest.xml:46:21-49
58                    android:scheme="https" />
58-->src/main/AndroidManifest.xml:47:21-43
59                <data
59-->src/main/AndroidManifest.xml:45:17-47:46
60                    android:host="nexs-news.com"
60-->src/main/AndroidManifest.xml:46:21-49
61                    android:scheme="http" />
61-->src/main/AndroidManifest.xml:47:21-43
62            </intent-filter>
63
64            <meta-data
64-->src/main/AndroidManifest.xml:53:13-55:49
65                android:name="android.app.default_searchable"
65-->src/main/AndroidManifest.xml:54:17-62
66                android:value=".FeedActivity" />
66-->src/main/AndroidManifest.xml:55:17-46
67        </activity>
68
69        <service
69-->src/main/AndroidManifest.xml:58:9-64:19
70            android:name="in.co.nexs.nexsapp.services.FcmCustomService"
70-->src/main/AndroidManifest.xml:59:13-54
71            android:exported="false" >
71-->src/main/AndroidManifest.xml:60:13-37
72            <intent-filter>
72-->src/main/AndroidManifest.xml:61:13-63:29
73                <action android:name="com.google.firebase.MESSAGING_EVENT" />
73-->src/main/AndroidManifest.xml:62:17-78
73-->src/main/AndroidManifest.xml:62:25-75
74            </intent-filter>
75        </service>
76
77        <activity
77-->[com.google.firebase:firebase-auth:20.0.2] AndroidManifest.xml:27:9-44:20
78            android:name="com.google.firebase.auth.internal.GenericIdpActivity"
78-->[com.google.firebase:firebase-auth:20.0.2] AndroidManifest.xml:28:13-80
79            android:excludeFromRecents="true"
79-->[com.google.firebase:firebase-auth:20.0.2] AndroidManifest.xml:29:13-46
80            android:exported="true"
80-->[com.google.firebase:firebase-auth:20.0.2] AndroidManifest.xml:30:13-36
81            android:launchMode="singleTask"
81-->[com.google.firebase:firebase-auth:20.0.2] AndroidManifest.xml:31:13-44
82            android:theme="@android:style/Theme.Translucent.NoTitleBar" >
82-->[com.google.firebase:firebase-auth:20.0.2] AndroidManifest.xml:32:13-72
83            <intent-filter>
83-->[com.google.firebase:firebase-auth:20.0.2] AndroidManifest.xml:33:13-43:29
84                <action android:name="android.intent.action.VIEW" />
84-->src/main/AndroidManifest.xml:40:17-69
84-->src/main/AndroidManifest.xml:40:25-66
85
86                <category android:name="android.intent.category.DEFAULT" />
86-->src/main/AndroidManifest.xml:42:17-76
86-->src/main/AndroidManifest.xml:42:27-73
87                <category android:name="android.intent.category.BROWSABLE" />
87-->src/main/AndroidManifest.xml:43:17-78
87-->src/main/AndroidManifest.xml:43:27-75
88
89                <data
89-->src/main/AndroidManifest.xml:45:17-47:46
90                    android:host="firebase.auth"
90-->src/main/AndroidManifest.xml:46:21-49
91                    android:path="/"
92                    android:scheme="genericidp" />
92-->src/main/AndroidManifest.xml:47:21-43
93            </intent-filter>
94        </activity>
95        <activity
95-->[com.google.firebase:firebase-auth:20.0.2] AndroidManifest.xml:45:9-62:20
96            android:name="com.google.firebase.auth.internal.RecaptchaActivity"
96-->[com.google.firebase:firebase-auth:20.0.2] AndroidManifest.xml:46:13-79
97            android:excludeFromRecents="true"
97-->[com.google.firebase:firebase-auth:20.0.2] AndroidManifest.xml:47:13-46
98            android:exported="true"
98-->[com.google.firebase:firebase-auth:20.0.2] AndroidManifest.xml:48:13-36
99            android:launchMode="singleTask"
99-->[com.google.firebase:firebase-auth:20.0.2] AndroidManifest.xml:49:13-44
100            android:theme="@android:style/Theme.Translucent.NoTitleBar" >
100-->[com.google.firebase:firebase-auth:20.0.2] AndroidManifest.xml:50:13-72
101            <intent-filter>
101-->[com.google.firebase:firebase-auth:20.0.2] AndroidManifest.xml:51:13-61:29
102                <action android:name="android.intent.action.VIEW" />
102-->src/main/AndroidManifest.xml:40:17-69
102-->src/main/AndroidManifest.xml:40:25-66
103
104                <category android:name="android.intent.category.DEFAULT" />
104-->src/main/AndroidManifest.xml:42:17-76
104-->src/main/AndroidManifest.xml:42:27-73
105                <category android:name="android.intent.category.BROWSABLE" />
105-->src/main/AndroidManifest.xml:43:17-78
105-->src/main/AndroidManifest.xml:43:27-75
106
107                <data
107-->src/main/AndroidManifest.xml:45:17-47:46
108                    android:host="firebase.auth"
108-->src/main/AndroidManifest.xml:46:21-49
109                    android:path="/"
110                    android:scheme="recaptcha" />
110-->src/main/AndroidManifest.xml:47:21-43
111            </intent-filter>
112        </activity>
113
114        <service
114-->[com.google.firebase:firebase-auth:20.0.2] AndroidManifest.xml:64:9-73:19
115            android:name="com.google.firebase.auth.api.fallback.service.FirebaseAuthFallbackService"
115-->[com.google.firebase:firebase-auth:20.0.2] AndroidManifest.xml:65:13-101
116            android:enabled="true"
116-->[com.google.firebase:firebase-auth:20.0.2] AndroidManifest.xml:66:13-35
117            android:exported="false" >
117-->[com.google.firebase:firebase-auth:20.0.2] AndroidManifest.xml:67:13-37
118            <intent-filter>
118-->[com.google.firebase:firebase-auth:20.0.2] AndroidManifest.xml:68:13-72:29
119                <action android:name="com.google.firebase.auth.api.gms.service.START" />
119-->[com.google.firebase:firebase-auth:20.0.2] AndroidManifest.xml:69:17-89
119-->[com.google.firebase:firebase-auth:20.0.2] AndroidManifest.xml:69:25-86
120
121                <category android:name="android.intent.category.DEFAULT" />
121-->src/main/AndroidManifest.xml:42:17-76
121-->src/main/AndroidManifest.xml:42:27-73
122            </intent-filter>
123        </service>
124        <service
124-->[com.google.firebase:firebase-auth:20.0.2] AndroidManifest.xml:74:9-80:19
125            android:name="com.google.firebase.components.ComponentDiscoveryService"
125-->[com.google.firebase:firebase-auth:20.0.2] AndroidManifest.xml:75:13-84
126            android:directBootAware="true"
126-->[com.google.firebase:firebase-common:19.5.0] AndroidManifest.xml:35:13-43
127            android:exported="false" >
127-->[com.google.firebase:firebase-auth:20.0.2] AndroidManifest.xml:76:13-37
128            <meta-data
128-->[com.google.firebase:firebase-auth:20.0.2] AndroidManifest.xml:77:13-79:85
129                android:name="com.google.firebase.components:com.google.firebase.auth.FirebaseAuthRegistrar"
129-->[com.google.firebase:firebase-auth:20.0.2] AndroidManifest.xml:78:17-109
130                android:value="com.google.firebase.components.ComponentRegistrar" />
130-->[com.google.firebase:firebase-auth:20.0.2] AndroidManifest.xml:79:17-82
131            <meta-data
131-->[com.google.firebase:firebase-crashlytics:17.3.1] AndroidManifest.xml:18:13-20:85
132                android:name="com.google.firebase.components:com.google.firebase.crashlytics.CrashlyticsRegistrar"
132-->[com.google.firebase:firebase-crashlytics:17.3.1] AndroidManifest.xml:19:17-115
133                android:value="com.google.firebase.components.ComponentRegistrar" />
133-->[com.google.firebase:firebase-crashlytics:17.3.1] AndroidManifest.xml:20:17-82
134            <meta-data
134-->[com.google.firebase:firebase-messaging:21.1.0] AndroidManifest.xml:52:13-54:85
135                android:name="com.google.firebase.components:com.google.firebase.messaging.FirebaseMessagingRegistrar"
135-->[com.google.firebase:firebase-messaging:21.1.0] AndroidManifest.xml:53:17-119
136                android:value="com.google.firebase.components.ComponentRegistrar" />
136-->[com.google.firebase:firebase-messaging:21.1.0] AndroidManifest.xml:54:17-82
137            <meta-data
137-->[com.google.firebase:firebase-dynamic-links:19.1.1] AndroidManifest.xml:11:13-13:85
138                android:name="com.google.firebase.components:com.google.firebase.dynamiclinks.internal.FirebaseDynamicLinkRegistrar"
138-->[com.google.firebase:firebase-dynamic-links:19.1.1] AndroidManifest.xml:12:17-133
139                android:value="com.google.firebase.components.ComponentRegistrar" />
139-->[com.google.firebase:firebase-dynamic-links:19.1.1] AndroidManifest.xml:13:17-82
140            <meta-data
140-->[com.google.firebase:firebase-datatransport:17.0.10] AndroidManifest.xml:28:13-30:85
141                android:name="com.google.firebase.components:com.google.firebase.datatransport.TransportRegistrar"
141-->[com.google.firebase:firebase-datatransport:17.0.10] AndroidManifest.xml:29:17-115
142                android:value="com.google.firebase.components.ComponentRegistrar" />
142-->[com.google.firebase:firebase-datatransport:17.0.10] AndroidManifest.xml:30:17-82
143            <meta-data
143-->[com.google.firebase:firebase-iid:21.1.0] AndroidManifest.xml:32:13-34:85
144                android:name="com.google.firebase.components:com.google.firebase.iid.Registrar"
144-->[com.google.firebase:firebase-iid:21.1.0] AndroidManifest.xml:33:17-96
145                android:value="com.google.firebase.components.ComponentRegistrar" />
145-->[com.google.firebase:firebase-iid:21.1.0] AndroidManifest.xml:34:17-82
146            <meta-data
146-->[com.google.android.gms:play-services-measurement-api:18.0.2] AndroidManifest.xml:30:13-32:85
147                android:name="com.google.firebase.components:com.google.firebase.analytics.connector.internal.AnalyticsConnectorRegistrar"
147-->[com.google.android.gms:play-services-measurement-api:18.0.2] AndroidManifest.xml:31:17-139
148                android:value="com.google.firebase.components.ComponentRegistrar" />
148-->[com.google.android.gms:play-services-measurement-api:18.0.2] AndroidManifest.xml:32:17-82
149            <meta-data
149-->[com.google.firebase:firebase-installations:16.3.5] AndroidManifest.xml:18:13-20:85
150                android:name="com.google.firebase.components:com.google.firebase.installations.FirebaseInstallationsRegistrar"
150-->[com.google.firebase:firebase-installations:16.3.5] AndroidManifest.xml:19:17-127
151                android:value="com.google.firebase.components.ComponentRegistrar" />
151-->[com.google.firebase:firebase-installations:16.3.5] AndroidManifest.xml:20:17-82
152            <!--
153                This registrar is not defined in the dynamic-module-support sdk itself to allow non-firebase
154                clients to use it as well, by defining this registrar in their own core/common library.
155            -->
156            <meta-data
156-->[com.google.firebase:firebase-common:19.5.0] AndroidManifest.xml:43:13-45:85
157                android:name="com.google.firebase.components:com.google.firebase.dynamicloading.DynamicLoadingRegistrar"
157-->[com.google.firebase:firebase-common:19.5.0] AndroidManifest.xml:44:17-121
158                android:value="com.google.firebase.components.ComponentRegistrar" />
158-->[com.google.firebase:firebase-common:19.5.0] AndroidManifest.xml:45:17-82
159        </service>
160
161        <activity
161-->[com.google.android.gms:play-services-auth:19.0.0] AndroidManifest.xml:23:9-27:75
162            android:name="com.google.android.gms.auth.api.signin.internal.SignInHubActivity"
162-->[com.google.android.gms:play-services-auth:19.0.0] AndroidManifest.xml:24:13-93
163            android:excludeFromRecents="true"
163-->[com.google.android.gms:play-services-auth:19.0.0] AndroidManifest.xml:25:13-46
164            android:exported="false"
164-->[com.google.android.gms:play-services-auth:19.0.0] AndroidManifest.xml:26:13-37
165            android:theme="@android:style/Theme.Translucent.NoTitleBar" />
165-->[com.google.android.gms:play-services-auth:19.0.0] AndroidManifest.xml:27:13-72
166        <!--
167            Service handling Google Sign-In user revocation. For apps that do not integrate with
168            Google Sign-In, this service will never be started.
169        -->
170        <service
170-->[com.google.android.gms:play-services-auth:19.0.0] AndroidManifest.xml:33:9-37:51
171            android:name="com.google.android.gms.auth.api.signin.RevocationBoundService"
171-->[com.google.android.gms:play-services-auth:19.0.0] AndroidManifest.xml:34:13-89
172            android:exported="true"
172-->[com.google.android.gms:play-services-auth:19.0.0] AndroidManifest.xml:35:13-36
173            android:permission="com.google.android.gms.auth.api.signin.permission.REVOCATION_NOTIFICATION"
173-->[com.google.android.gms:play-services-auth:19.0.0] AndroidManifest.xml:36:13-107
174            android:visibleToInstantApps="true" />
174-->[com.google.android.gms:play-services-auth:19.0.0] AndroidManifest.xml:37:13-48
175
176        <receiver
176-->[com.google.firebase:firebase-messaging:21.1.0] AndroidManifest.xml:28:9-35:20
177            android:name="com.google.firebase.iid.FirebaseInstanceIdReceiver"
177-->[com.google.firebase:firebase-messaging:21.1.0] AndroidManifest.xml:29:13-78
178            android:exported="true"
178-->[com.google.firebase:firebase-messaging:21.1.0] AndroidManifest.xml:30:13-36
179            android:permission="com.google.android.c2dm.permission.SEND" >
179-->[com.google.firebase:firebase-messaging:21.1.0] AndroidManifest.xml:31:13-73
180            <intent-filter>
180-->[com.google.firebase:firebase-messaging:21.1.0] AndroidManifest.xml:32:13-34:29
181                <action android:name="com.google.android.c2dm.intent.RECEIVE" />
181-->[com.google.firebase:firebase-messaging:21.1.0] AndroidManifest.xml:33:17-81
181-->[com.google.firebase:firebase-messaging:21.1.0] AndroidManifest.xml:33:25-78
182            </intent-filter>
183        </receiver>
184        <!--
185             FirebaseMessagingService performs security checks at runtime,
186             but set to not exported to explicitly avoid allowing another app to call it.
187        -->
188        <service
188-->[com.google.firebase:firebase-messaging:21.1.0] AndroidManifest.xml:41:9-48:19
189            android:name="com.google.firebase.messaging.FirebaseMessagingService"
189-->[com.google.firebase:firebase-messaging:21.1.0] AndroidManifest.xml:42:13-82
190            android:directBootAware="true"
190-->[com.google.firebase:firebase-messaging:21.1.0] AndroidManifest.xml:43:13-43
191            android:exported="false" >
191-->[com.google.firebase:firebase-messaging:21.1.0] AndroidManifest.xml:44:13-37
192            <intent-filter android:priority="-500" >
192-->src/main/AndroidManifest.xml:61:13-63:29
193                <action android:name="com.google.firebase.MESSAGING_EVENT" />
193-->src/main/AndroidManifest.xml:62:17-78
193-->src/main/AndroidManifest.xml:62:25-75
194            </intent-filter>
195        </service>
196        <service
196-->[androidx.room:room-runtime:2.3.0] AndroidManifest.xml:25:9-28:40
197            android:name="androidx.room.MultiInstanceInvalidationService"
197-->[androidx.room:room-runtime:2.3.0] AndroidManifest.xml:26:13-74
198            android:directBootAware="true"
198-->[androidx.room:room-runtime:2.3.0] AndroidManifest.xml:27:13-43
199            android:exported="false" />
199-->[androidx.room:room-runtime:2.3.0] AndroidManifest.xml:28:13-37
200        <service
200-->[com.google.android.datatransport:transport-backend-cct:2.3.3] AndroidManifest.xml:29:9-35:19
201            android:name="com.google.android.datatransport.runtime.backends.TransportBackendDiscovery"
201-->[com.google.android.datatransport:transport-backend-cct:2.3.3] AndroidManifest.xml:30:13-103
202            android:exported="false" >
202-->[com.google.android.datatransport:transport-backend-cct:2.3.3] AndroidManifest.xml:31:13-37
203            <meta-data
203-->[com.google.android.datatransport:transport-backend-cct:2.3.3] AndroidManifest.xml:32:13-34:39
204                android:name="backend:com.google.android.datatransport.cct.CctBackendFactory"
204-->[com.google.android.datatransport:transport-backend-cct:2.3.3] AndroidManifest.xml:33:17-94
205                android:value="cct" />
205-->[com.google.android.datatransport:transport-backend-cct:2.3.3] AndroidManifest.xml:34:17-36
206        </service>
207
208        <provider
208-->[com.google.firebase:firebase-common:19.5.0] AndroidManifest.xml:26:9-31:39
209            android:name="com.google.firebase.provider.FirebaseInitProvider"
209-->[com.google.firebase:firebase-common:19.5.0] AndroidManifest.xml:27:13-77
210            android:authorities="in.co.nexs.nexsapp.firebaseinitprovider"
210-->[com.google.firebase:firebase-common:19.5.0] AndroidManifest.xml:28:13-72
211            android:directBootAware="true"
211-->[com.google.firebase:firebase-common:19.5.0] AndroidManifest.xml:29:13-43
212            android:exported="false"
212-->[com.google.firebase:firebase-common:19.5.0] AndroidManifest.xml:30:13-37
213            android:initOrder="100" />
213-->[com.google.firebase:firebase-common:19.5.0] AndroidManifest.xml:31:13-36
214
215        <activity
215-->[com.google.android.gms:play-services-base:17.1.0] AndroidManifest.xml:23:9-26:75
216            android:name="com.google.android.gms.common.api.GoogleApiActivity"
216-->[com.google.android.gms:play-services-base:17.1.0] AndroidManifest.xml:24:13-79
217            android:exported="false"
217-->[com.google.android.gms:play-services-base:17.1.0] AndroidManifest.xml:25:13-37
218            android:theme="@android:style/Theme.Translucent.NoTitleBar" />
218-->[com.google.android.gms:play-services-base:17.1.0] AndroidManifest.xml:26:13-72
219
220        <receiver
220-->[com.google.android.gms:play-services-measurement:18.0.2] AndroidManifest.xml:29:9-33:20
221            android:name="com.google.android.gms.measurement.AppMeasurementReceiver"
221-->[com.google.android.gms:play-services-measurement:18.0.2] AndroidManifest.xml:30:13-85
222            android:enabled="true"
222-->[com.google.android.gms:play-services-measurement:18.0.2] AndroidManifest.xml:31:13-35
223            android:exported="false" >
223-->[com.google.android.gms:play-services-measurement:18.0.2] AndroidManifest.xml:32:13-37
224        </receiver>
225
226        <service
226-->[com.google.android.gms:play-services-measurement:18.0.2] AndroidManifest.xml:35:9-38:40
227            android:name="com.google.android.gms.measurement.AppMeasurementService"
227-->[com.google.android.gms:play-services-measurement:18.0.2] AndroidManifest.xml:36:13-84
228            android:enabled="true"
228-->[com.google.android.gms:play-services-measurement:18.0.2] AndroidManifest.xml:37:13-35
229            android:exported="false" />
229-->[com.google.android.gms:play-services-measurement:18.0.2] AndroidManifest.xml:38:13-37
230        <service
230-->[com.google.android.gms:play-services-measurement:18.0.2] AndroidManifest.xml:39:9-43:72
231            android:name="com.google.android.gms.measurement.AppMeasurementJobService"
231-->[com.google.android.gms:play-services-measurement:18.0.2] AndroidManifest.xml:40:13-87
232            android:enabled="true"
232-->[com.google.android.gms:play-services-measurement:18.0.2] AndroidManifest.xml:41:13-35
233            android:exported="false"
233-->[com.google.android.gms:play-services-measurement:18.0.2] AndroidManifest.xml:42:13-37
234            android:permission="android.permission.BIND_JOB_SERVICE" />
234-->[com.google.android.gms:play-services-measurement:18.0.2] AndroidManifest.xml:43:13-69
235
236        <meta-data
236-->[com.google.android.gms:play-services-basement:17.1.1] AndroidManifest.xml:23:9-25:69
237            android:name="com.google.android.gms.version"
237-->[com.google.android.gms:play-services-basement:17.1.1] AndroidManifest.xml:24:13-58
238            android:value="@integer/google_play_services_version" />
238-->[com.google.android.gms:play-services-basement:17.1.1] AndroidManifest.xml:25:13-66
239
240        <service
240-->[com.google.android.datatransport:transport-runtime:2.2.5] AndroidManifest.xml:26:9-30:19
241            android:name="com.google.android.datatransport.runtime.scheduling.jobscheduling.JobInfoSchedulerService"
241-->[com.google.android.datatransport:transport-runtime:2.2.5] AndroidManifest.xml:27:13-117
242            android:exported="false"
242-->[com.google.android.datatransport:transport-runtime:2.2.5] AndroidManifest.xml:28:13-37
243            android:permission="android.permission.BIND_JOB_SERVICE" >
243-->[com.google.android.datatransport:transport-runtime:2.2.5] AndroidManifest.xml:29:13-69
244        </service>
245
246        <receiver
246-->[com.google.android.datatransport:transport-runtime:2.2.5] AndroidManifest.xml:32:9-34:40
247            android:name="com.google.android.datatransport.runtime.scheduling.jobscheduling.AlarmManagerSchedulerBroadcastReceiver"
247-->[com.google.android.datatransport:transport-runtime:2.2.5] AndroidManifest.xml:33:13-132
248            android:exported="false" />
248-->[com.google.android.datatransport:transport-runtime:2.2.5] AndroidManifest.xml:34:13-37
249    </application>
250
251</manifest>